<?xml version="1.0" encoding="UTF-8"?>
<!-- Generated by org.testng.reporters.JUnitReportReporter -->
<testsuite hostname="LAPTOP-DFDTRN2Q" failures="0" tests="3" name="TestCases.Googleserch" time="38.048" errors="0" timestamp="2022-04-27T17:54:07 IST" skipped="0">
  <testcase classname="TestCases.Googleserch" name="googleTest" time="13.364"/>
  <system-out/>
  <testcase classname="TestCases.Googleserch" name="facebookTest" time="10.810"/>
  <system-out/>
  <testcase classname="TestCases.Googleserch" name="instagramTest" time="13.874"/>
  <system-out/>
</testsuite> <!-- TestCases.Googleserch -->
