<?xml version="1.0" encoding="UTF-8"?>
<!-- Generated by org.testng.reporters.JUnitReportReporter -->
<testsuite hostname="LAPTOP-DFDTRN2Q" failures="0" tests="3" name="TestCases.Googlesearch" time="35.779" errors="0" timestamp="2022-04-27T18:04:31 IST" skipped="0">
  <testcase classname="TestCases.Googlesearch" name="googleTest" time="12.726"/>
  <system-out/>
  <testcase classname="TestCases.Googlesearch" name="facebookTest" time="9.164"/>
  <system-out/>
  <testcase classname="TestCases.Googlesearch" name="instagramTest" time="13.889"/>
  <system-out/>
</testsuite> <!-- TestCases.Googlesearch -->
